2026-03-12 01:54:39.025: [INFO][Sync] Reset engine, reason: 8
2026-03-12 01:54:39.025: [INFO][Sync] Stopped: Bookmarks
2026-03-12 01:54:39.025: [INFO][Sync] Stopped: Preferences
2026-03-12 01:54:39.025: [INFO][Sync] Stopped: Passwords
2026-03-12 01:54:39.025: [INFO][Sync] Stopped: Autofill Profiles
2026-03-12 01:54:39.025: [INFO][Sync] Stopped: Autofill
2026-03-12 01:54:39.025: [INFO][Sync] Stopped: Extensions
2026-03-12 01:54:39.025: [INFO][Sync] Stopped: Sessions
2026-03-12 01:54:39.025: [INFO][Sync] Stopped: Extension settings
2026-03-12 01:54:39.025: [INFO][Sync] Stopped: History Delete Directives
2026-03-12 01:54:39.025: [INFO][Sync] Stopped: Device Info
2026-03-12 01:54:39.025: [INFO][Sync] Stopped: User Consents
2026-03-12 01:54:39.025: [INFO][Sync] Stopped: Send Tab To Self
2026-03-12 01:54:39.025: [INFO][Sync] Stopped: Web Apps
2026-03-12 01:54:39.025: [INFO][Sync] Stopped: History
2026-03-12 01:54:39.025: [INFO][Sync] Stopped: Saved Tab Group
2026-03-12 01:54:39.025: [INFO][Sync] Stopped: WebAuthn Credentials
2026-03-12 01:54:39.025: [INFO][Sync] Stopped: Collection
2026-03-12 01:54:39.025: [INFO][Sync] Stopped: Edge E Drop
2026-03-12 01:54:39.025: [INFO][Sync] Stopped: Edge Hub App Usage
2026-03-12 01:54:39.025: [INFO][Sync] Stopped: Edge Wallet
2026-03-12 01:54:39.025: [INFO][Sync] Stopped: Edge Workspace
2026-03-12 01:54:39.025: [INFO][Sync] SyncState after authenticated was: NotSignedIn
2026-03-12 01:54:39.313: [INFO][Sync] Reset engine, reason: 8
2026-03-12 01:54:39.313: [INFO][Sync] Stopped: Bookmarks
2026-03-12 01:54:39.313: [INFO][Sync] Stopped: Preferences
2026-03-12 01:54:39.313: [INFO][Sync] Stopped: Passwords
2026-03-12 01:54:39.313: [INFO][Sync] Stopped: Autofill Profiles
2026-03-12 01:54:39.313: [INFO][Sync] Stopped: Autofill
2026-03-12 01:54:39.313: [INFO][Sync] Stopped: Extensions
2026-03-12 01:54:39.313: [INFO][Sync] Stopped: Sessions
2026-03-12 01:54:39.313: [INFO][Sync] Stopped: Extension settings
2026-03-12 01:54:39.313: [INFO][Sync] Stopped: History Delete Directives
2026-03-12 01:54:39.313: [INFO][Sync] Stopped: Device Info
2026-03-12 01:54:39.313: [INFO][Sync] Stopped: User Consents
2026-03-12 01:54:39.313: [INFO][Sync] Stopped: Send Tab To Self
2026-03-12 01:54:39.313: [INFO][Sync] Stopped: Web Apps
2026-03-12 01:54:39.313: [INFO][Sync] Stopped: History
2026-03-12 01:54:39.313: [INFO][Sync] Stopped: Saved Tab Group
2026-03-12 01:54:39.313: [INFO][Sync] Stopped: WebAuthn Credentials
2026-03-12 01:54:39.313: [INFO][Sync] Stopped: Collection
2026-03-12 01:54:39.313: [INFO][Sync] Stopped: Edge E Drop
2026-03-12 01:54:39.313: [INFO][Sync] Stopped: Edge Hub App Usage
2026-03-12 01:54:39.313: [INFO][Sync] Stopped: Edge Wallet
2026-03-12 01:54:39.313: [INFO][Sync] Stopped: Edge Workspace
2026-03-12 02:01:59.283: [INFO][Sync] Reset engine, reason: 8
2026-03-12 02:01:59.283: [INFO][Sync] Stopped: Bookmarks
2026-03-12 02:01:59.283: [INFO][Sync] Stopped: Preferences
2026-03-12 02:01:59.283: [INFO][Sync] Stopped: Passwords
2026-03-12 02:01:59.283: [INFO][Sync] Stopped: Autofill Profiles
2026-03-12 02:01:59.283: [INFO][Sync] Stopped: Autofill
2026-03-12 02:01:59.283: [INFO][Sync] Stopped: Extensions
2026-03-12 02:01:59.283: [INFO][Sync] Stopped: Sessions
2026-03-12 02:01:59.283: [INFO][Sync] Stopped: Extension settings
2026-03-12 02:01:59.283: [INFO][Sync] Stopped: History Delete Directives
2026-03-12 02:01:59.283: [INFO][Sync] Stopped: Device Info
2026-03-12 02:01:59.283: [INFO][Sync] Stopped: User Consents
2026-03-12 02:01:59.283: [INFO][Sync] Stopped: Send Tab To Self
2026-03-12 02:01:59.283: [INFO][Sync] Stopped: Web Apps
2026-03-12 02:01:59.283: [INFO][Sync] Stopped: History
2026-03-12 02:01:59.283: [INFO][Sync] Stopped: Saved Tab Group
2026-03-12 02:01:59.283: [INFO][Sync] Stopped: WebAuthn Credentials
2026-03-12 02:01:59.283: [INFO][Sync] Stopped: Collection
2026-03-12 02:01:59.283: [INFO][Sync] Stopped: Edge E Drop
2026-03-12 02:01:59.283: [INFO][Sync] Stopped: Edge Hub App Usage
2026-03-12 02:01:59.283: [INFO][Sync] Stopped: Edge Wallet
2026-03-12 02:01:59.283: [INFO][Sync] Stopped: Edge Workspace
2026-03-12 02:01:59.284: [INFO][Sync] SyncState after authenticated was: NotSignedIn
2026-03-12 02:01:59.427: [INFO][Sync] Reset engine, reason: 8
2026-03-12 02:01:59.427: [INFO][Sync] Stopped: Bookmarks
2026-03-12 02:01:59.427: [INFO][Sync] Stopped: Preferences
2026-03-12 02:01:59.427: [INFO][Sync] Stopped: Passwords
2026-03-12 02:01:59.427: [INFO][Sync] Stopped: Autofill Profiles
2026-03-12 02:01:59.427: [INFO][Sync] Stopped: Autofill
2026-03-12 02:01:59.427: [INFO][Sync] Stopped: Extensions
2026-03-12 02:01:59.427: [INFO][Sync] Stopped: Sessions
2026-03-12 02:01:59.427: [INFO][Sync] Stopped: Extension settings
2026-03-12 02:01:59.427: [INFO][Sync] Stopped: History Delete Directives
2026-03-12 02:01:59.427: [INFO][Sync] Stopped: Device Info
2026-03-12 02:01:59.427: [INFO][Sync] Stopped: User Consents
2026-03-12 02:01:59.427: [INFO][Sync] Stopped: Send Tab To Self
2026-03-12 02:01:59.427: [INFO][Sync] Stopped: Web Apps
2026-03-12 02:01:59.428: [INFO][Sync] Stopped: History
2026-03-12 02:01:59.428: [INFO][Sync] Stopped: Saved Tab Group
2026-03-12 02:01:59.428: [INFO][Sync] Stopped: WebAuthn Credentials
2026-03-12 02:01:59.428: [INFO][Sync] Stopped: Collection
2026-03-12 02:01:59.428: [INFO][Sync] Stopped: Edge E Drop
2026-03-12 02:01:59.428: [INFO][Sync] Stopped: Edge Hub App Usage
2026-03-12 02:01:59.428: [INFO][Sync] Stopped: Edge Wallet
2026-03-12 02:01:59.428: [INFO][Sync] Stopped: Edge Workspace
2026-03-12 02:02:17.153: [INFO][Sync] Reset engine, reason: 0
2026-03-12 02:03:40.291: [INFO][Sync] Reset engine, reason: 8
2026-03-12 02:03:40.291: [INFO][Sync] Stopped: Bookmarks
2026-03-12 02:03:40.291: [INFO][Sync] Stopped: Preferences
2026-03-12 02:03:40.291: [INFO][Sync] Stopped: Passwords
2026-03-12 02:03:40.291: [INFO][Sync] Stopped: Autofill Profiles
2026-03-12 02:03:40.291: [INFO][Sync] Stopped: Autofill
2026-03-12 02:03:40.291: [INFO][Sync] Stopped: Extensions
2026-03-12 02:03:40.291: [INFO][Sync] Stopped: Sessions
2026-03-12 02:03:40.291: [INFO][Sync] Stopped: Extension settings
2026-03-12 02:03:40.291: [INFO][Sync] Stopped: History Delete Directives
2026-03-12 02:03:40.291: [INFO][Sync] Stopped: Device Info
2026-03-12 02:03:40.291: [INFO][Sync] Stopped: User Consents
2026-03-12 02:03:40.291: [INFO][Sync] Stopped: Send Tab To Self
2026-03-12 02:03:40.291: [INFO][Sync] Stopped: Web Apps
2026-03-12 02:03:40.291: [INFO][Sync] Stopped: History
2026-03-12 02:03:40.291: [INFO][Sync] Stopped: Saved Tab Group
2026-03-12 02:03:40.291: [INFO][Sync] Stopped: WebAuthn Credentials
2026-03-12 02:03:40.291: [INFO][Sync] Stopped: Collection
2026-03-12 02:03:40.291: [INFO][Sync] Stopped: Edge E Drop
2026-03-12 02:03:40.291: [INFO][Sync] Stopped: Edge Hub App Usage
2026-03-12 02:03:40.291: [INFO][Sync] Stopped: Edge Wallet
2026-03-12 02:03:40.291: [INFO][Sync] Stopped: Edge Workspace
2026-03-12 02:03:40.291: [INFO][Sync] SyncState after authenticated was: NotSignedIn
2026-03-12 02:03:40.486: [INFO][Sync] Reset engine, reason: 8
2026-03-12 02:03:40.486: [INFO][Sync] Stopped: Bookmarks
2026-03-12 02:03:40.486: [INFO][Sync] Stopped: Preferences
2026-03-12 02:03:40.486: [INFO][Sync] Stopped: Passwords
2026-03-12 02:03:40.486: [INFO][Sync] Stopped: Autofill Profiles
2026-03-12 02:03:40.486: [INFO][Sync] Stopped: Autofill
2026-03-12 02:03:40.486: [INFO][Sync] Stopped: Extensions
2026-03-12 02:03:40.486: [INFO][Sync] Stopped: Sessions
2026-03-12 02:03:40.486: [INFO][Sync] Stopped: Extension settings
2026-03-12 02:03:40.486: [INFO][Sync] Stopped: History Delete Directives
2026-03-12 02:03:40.486: [INFO][Sync] Stopped: Device Info
2026-03-12 02:03:40.486: [INFO][Sync] Stopped: User Consents
2026-03-12 02:03:40.486: [INFO][Sync] Stopped: Send Tab To Self
2026-03-12 02:03:40.486: [INFO][Sync] Stopped: Web Apps
2026-03-12 02:03:40.486: [INFO][Sync] Stopped: History
2026-03-12 02:03:40.486: [INFO][Sync] Stopped: Saved Tab Group
2026-03-12 02:03:40.486: [INFO][Sync] Stopped: WebAuthn Credentials
2026-03-12 02:03:40.486: [INFO][Sync] Stopped: Collection
2026-03-12 02:03:40.486: [INFO][Sync] Stopped: Edge E Drop
2026-03-12 02:03:40.486: [INFO][Sync] Stopped: Edge Hub App Usage
2026-03-12 02:03:40.486: [INFO][Sync] Stopped: Edge Wallet
2026-03-12 02:03:40.486: [INFO][Sync] Stopped: Edge Workspace
2026-03-12 02:08:31.105: [INFO][Sync] Reset engine, reason: 8
2026-03-12 02:08:31.105: [INFO][Sync] Stopped: Bookmarks
2026-03-12 02:08:31.105: [INFO][Sync] Stopped: Preferences
2026-03-12 02:08:31.105: [INFO][Sync] Stopped: Passwords
2026-03-12 02:08:31.105: [INFO][Sync] Stopped: Autofill Profiles
2026-03-12 02:08:31.105: [INFO][Sync] Stopped: Autofill
2026-03-12 02:08:31.105: [INFO][Sync] Stopped: Extensions
2026-03-12 02:08:31.105: [INFO][Sync] Stopped: Sessions
2026-03-12 02:08:31.105: [INFO][Sync] Stopped: Extension settings
2026-03-12 02:08:31.105: [INFO][Sync] Stopped: History Delete Directives
2026-03-12 02:08:31.105: [INFO][Sync] Stopped: Device Info
2026-03-12 02:08:31.105: [INFO][Sync] Stopped: User Consents
2026-03-12 02:08:31.105: [INFO][Sync] Stopped: Send Tab To Self
2026-03-12 02:08:31.105: [INFO][Sync] Stopped: Web Apps
2026-03-12 02:08:31.105: [INFO][Sync] Stopped: History
2026-03-12 02:08:31.105: [INFO][Sync] Stopped: Saved Tab Group
2026-03-12 02:08:31.105: [INFO][Sync] Stopped: WebAuthn Credentials
2026-03-12 02:08:31.105: [INFO][Sync] Stopped: Collection
2026-03-12 02:08:31.105: [INFO][Sync] Stopped: Edge E Drop
2026-03-12 02:08:31.105: [INFO][Sync] Stopped: Edge Hub App Usage
2026-03-12 02:08:31.105: [INFO][Sync] Stopped: Edge Wallet
2026-03-12 02:08:31.105: [INFO][Sync] Stopped: Edge Workspace
2026-03-12 02:08:31.105: [INFO][Sync] SyncState after authenticated was: NotSignedIn
2026-03-12 02:08:31.260: [INFO][Sync] Reset engine, reason: 8
2026-03-12 02:08:31.260: [INFO][Sync] Stopped: Bookmarks
2026-03-12 02:08:31.260: [INFO][Sync] Stopped: Preferences
2026-03-12 02:08:31.260: [INFO][Sync] Stopped: Passwords
2026-03-12 02:08:31.260: [INFO][Sync] Stopped: Autofill Profiles
2026-03-12 02:08:31.260: [INFO][Sync] Stopped: Autofill
2026-03-12 02:08:31.260: [INFO][Sync] Stopped: Extensions
2026-03-12 02:08:31.260: [INFO][Sync] Stopped: Sessions
2026-03-12 02:08:31.261: [INFO][Sync] Stopped: Extension settings
2026-03-12 02:08:31.261: [INFO][Sync] Stopped: History Delete Directives
2026-03-12 02:08:31.261: [INFO][Sync] Stopped: Device Info
2026-03-12 02:08:31.261: [INFO][Sync] Stopped: User Consents
2026-03-12 02:08:31.261: [INFO][Sync] Stopped: Send Tab To Self
2026-03-12 02:08:31.261: [INFO][Sync] Stopped: Web Apps
2026-03-12 02:08:31.261: [INFO][Sync] Stopped: History
2026-03-12 02:08:31.261: [INFO][Sync] Stopped: Saved Tab Group
2026-03-12 02:08:31.261: [INFO][Sync] Stopped: WebAuthn Credentials
2026-03-12 02:08:31.261: [INFO][Sync] Stopped: Collection
2026-03-12 02:08:31.261: [INFO][Sync] Stopped: Edge E Drop
2026-03-12 02:08:31.261: [INFO][Sync] Stopped: Edge Hub App Usage
2026-03-12 02:08:31.261: [INFO][Sync] Stopped: Edge Wallet
2026-03-12 02:08:31.261: [INFO][Sync] Stopped: Edge Workspace
2026-03-12 02:11:47.285: [INFO][Sync] Reset engine, reason: 8
2026-03-12 02:11:47.285: [INFO][Sync] Stopped: Bookmarks
2026-03-12 02:11:47.285: [INFO][Sync] Stopped: Preferences
2026-03-12 02:11:47.285: [INFO][Sync] Stopped: Passwords
2026-03-12 02:11:47.285: [INFO][Sync] Stopped: Autofill Profiles
2026-03-12 02:11:47.285: [INFO][Sync] Stopped: Autofill
2026-03-12 02:11:47.285: [INFO][Sync] Stopped: Extensions
2026-03-12 02:11:47.285: [INFO][Sync] Stopped: Sessions
2026-03-12 02:11:47.285: [INFO][Sync] Stopped: Extension settings
2026-03-12 02:11:47.285: [INFO][Sync] Stopped: History Delete Directives
2026-03-12 02:11:47.285: [INFO][Sync] Stopped: Device Info
2026-03-12 02:11:47.285: [INFO][Sync] Stopped: User Consents
2026-03-12 02:11:47.285: [INFO][Sync] Stopped: Send Tab To Self
2026-03-12 02:11:47.285: [INFO][Sync] Stopped: Web Apps
2026-03-12 02:11:47.285: [INFO][Sync] Stopped: History
2026-03-12 02:11:47.285: [INFO][Sync] Stopped: Saved Tab Group
2026-03-12 02:11:47.285: [INFO][Sync] Stopped: WebAuthn Credentials
2026-03-12 02:11:47.285: [INFO][Sync] Stopped: Collection
2026-03-12 02:11:47.285: [INFO][Sync] Stopped: Edge E Drop
2026-03-12 02:11:47.285: [INFO][Sync] Stopped: Edge Hub App Usage
2026-03-12 02:11:47.285: [INFO][Sync] Stopped: Edge Wallet
2026-03-12 02:11:47.285: [INFO][Sync] Stopped: Edge Workspace
2026-03-12 02:11:47.285: [INFO][Sync] SyncState after authenticated was: NotSignedIn
2026-03-12 02:11:47.424: [INFO][Sync] Reset engine, reason: 8
2026-03-12 02:11:47.424: [INFO][Sync] Stopped: Bookmarks
2026-03-12 02:11:47.424: [INFO][Sync] Stopped: Preferences
2026-03-12 02:11:47.424: [INFO][Sync] Stopped: Passwords
2026-03-12 02:11:47.424: [INFO][Sync] Stopped: Autofill Profiles
2026-03-12 02:11:47.424: [INFO][Sync] Stopped: Autofill
2026-03-12 02:11:47.424: [INFO][Sync] Stopped: Extensions
2026-03-12 02:11:47.424: [INFO][Sync] Stopped: Sessions
2026-03-12 02:11:47.424: [INFO][Sync] Stopped: Extension settings
2026-03-12 02:11:47.424: [INFO][Sync] Stopped: History Delete Directives
2026-03-12 02:11:47.424: [INFO][Sync] Stopped: Device Info
2026-03-12 02:11:47.424: [INFO][Sync] Stopped: User Consents
2026-03-12 02:11:47.424: [INFO][Sync] Stopped: Send Tab To Self
2026-03-12 02:11:47.424: [INFO][Sync] Stopped: Web Apps
2026-03-12 02:11:47.424: [INFO][Sync] Stopped: History
2026-03-12 02:11:47.424: [INFO][Sync] Stopped: Saved Tab Group
2026-03-12 02:11:47.424: [INFO][Sync] Stopped: WebAuthn Credentials
2026-03-12 02:11:47.424: [INFO][Sync] Stopped: Collection
2026-03-12 02:11:47.424: [INFO][Sync] Stopped: Edge E Drop
2026-03-12 02:11:47.424: [INFO][Sync] Stopped: Edge Hub App Usage
2026-03-12 02:11:47.424: [INFO][Sync] Stopped: Edge Wallet
2026-03-12 02:11:47.424: [INFO][Sync] Stopped: Edge Workspace
2026-03-12 02:13:27.138: [INFO][Sync] Reset engine, reason: 8
2026-03-12 02:13:27.138: [INFO][Sync] Stopped: Bookmarks
2026-03-12 02:13:27.138: [INFO][Sync] Stopped: Preferences
2026-03-12 02:13:27.138: [INFO][Sync] Stopped: Passwords
2026-03-12 02:13:27.138: [INFO][Sync] Stopped: Autofill Profiles
2026-03-12 02:13:27.138: [INFO][Sync] Stopped: Autofill
2026-03-12 02:13:27.138: [INFO][Sync] Stopped: Extensions
2026-03-12 02:13:27.138: [INFO][Sync] Stopped: Sessions
2026-03-12 02:13:27.138: [INFO][Sync] Stopped: Extension settings
2026-03-12 02:13:27.138: [INFO][Sync] Stopped: History Delete Directives
2026-03-12 02:13:27.138: [INFO][Sync] Stopped: Device Info
2026-03-12 02:13:27.138: [INFO][Sync] Stopped: User Consents
2026-03-12 02:13:27.138: [INFO][Sync] Stopped: Send Tab To Self
2026-03-12 02:13:27.138: [INFO][Sync] Stopped: Web Apps
2026-03-12 02:13:27.138: [INFO][Sync] Stopped: History
2026-03-12 02:13:27.138: [INFO][Sync] Stopped: Saved Tab Group
2026-03-12 02:13:27.138: [INFO][Sync] Stopped: WebAuthn Credentials
2026-03-12 02:13:27.138: [INFO][Sync] Stopped: Collection
2026-03-12 02:13:27.138: [INFO][Sync] Stopped: Edge E Drop
2026-03-12 02:13:27.138: [INFO][Sync] Stopped: Edge Hub App Usage
2026-03-12 02:13:27.138: [INFO][Sync] Stopped: Edge Wallet
2026-03-12 02:13:27.138: [INFO][Sync] Stopped: Edge Workspace
2026-03-12 02:13:27.138: [INFO][Sync] SyncState after authenticated was: NotSignedIn
2026-03-12 02:13:27.275: [INFO][Sync] Reset engine, reason: 8
2026-03-12 02:13:27.275: [INFO][Sync] Stopped: Bookmarks
2026-03-12 02:13:27.275: [INFO][Sync] Stopped: Preferences
2026-03-12 02:13:27.275: [INFO][Sync] Stopped: Passwords
2026-03-12 02:13:27.275: [INFO][Sync] Stopped: Autofill Profiles
2026-03-12 02:13:27.275: [INFO][Sync] Stopped: Autofill
2026-03-12 02:13:27.275: [INFO][Sync] Stopped: Extensions
2026-03-12 02:13:27.275: [INFO][Sync] Stopped: Sessions
2026-03-12 02:13:27.275: [INFO][Sync] Stopped: Extension settings
2026-03-12 02:13:27.275: [INFO][Sync] Stopped: History Delete Directives
2026-03-12 02:13:27.275: [INFO][Sync] Stopped: Device Info
2026-03-12 02:13:27.275: [INFO][Sync] Stopped: User Consents
2026-03-12 02:13:27.275: [INFO][Sync] Stopped: Send Tab To Self
2026-03-12 02:13:27.275: [INFO][Sync] Stopped: Web Apps
2026-03-12 02:13:27.275: [INFO][Sync] Stopped: History
2026-03-12 02:13:27.275: [INFO][Sync] Stopped: Saved Tab Group
2026-03-12 02:13:27.275: [INFO][Sync] Stopped: WebAuthn Credentials
2026-03-12 02:13:27.275: [INFO][Sync] Stopped: Collection
2026-03-12 02:13:27.275: [INFO][Sync] Stopped: Edge E Drop
2026-03-12 02:13:27.275: [INFO][Sync] Stopped: Edge Hub App Usage
2026-03-12 02:13:27.275: [INFO][Sync] Stopped: Edge Wallet
2026-03-12 02:13:27.275: [INFO][Sync] Stopped: Edge Workspace
2026-03-12 02:18:35.508: [INFO][Sync] Reset engine, reason: 8
2026-03-12 02:18:35.508: [INFO][Sync] Stopped: Bookmarks
2026-03-12 02:18:35.508: [INFO][Sync] Stopped: Preferences
2026-03-12 02:18:35.508: [INFO][Sync] Stopped: Passwords
2026-03-12 02:18:35.508: [INFO][Sync] Stopped: Autofill Profiles
2026-03-12 02:18:35.508: [INFO][Sync] Stopped: Autofill
2026-03-12 02:18:35.508: [INFO][Sync] Stopped: Extensions
2026-03-12 02:18:35.508: [INFO][Sync] Stopped: Sessions
2026-03-12 02:18:35.508: [INFO][Sync] Stopped: Extension settings
2026-03-12 02:18:35.508: [INFO][Sync] Stopped: History Delete Directives
2026-03-12 02:18:35.508: [INFO][Sync] Stopped: Device Info
2026-03-12 02:18:35.508: [INFO][Sync] Stopped: User Consents
2026-03-12 02:18:35.508: [INFO][Sync] Stopped: Send Tab To Self
2026-03-12 02:18:35.508: [INFO][Sync] Stopped: Web Apps
2026-03-12 02:18:35.508: [INFO][Sync] Stopped: History
2026-03-12 02:18:35.508: [INFO][Sync] Stopped: Saved Tab Group
2026-03-12 02:18:35.508: [INFO][Sync] Stopped: WebAuthn Credentials
2026-03-12 02:18:35.508: [INFO][Sync] Stopped: Collection
2026-03-12 02:18:35.508: [INFO][Sync] Stopped: Edge E Drop
2026-03-12 02:18:35.508: [INFO][Sync] Stopped: Edge Hub App Usage
2026-03-12 02:18:35.508: [INFO][Sync] Stopped: Edge Wallet
2026-03-12 02:18:35.508: [INFO][Sync] Stopped: Edge Workspace
2026-03-12 02:18:35.508: [INFO][Sync] SyncState after authenticated was: NotSignedIn
2026-03-12 02:18:35.673: [INFO][Sync] Reset engine, reason: 8
2026-03-12 02:18:35.673: [INFO][Sync] Stopped: Bookmarks
2026-03-12 02:18:35.673: [INFO][Sync] Stopped: Preferences
2026-03-12 02:18:35.673: [INFO][Sync] Stopped: Passwords
2026-03-12 02:18:35.673: [INFO][Sync] Stopped: Autofill Profiles
2026-03-12 02:18:35.673: [INFO][Sync] Stopped: Autofill
2026-03-12 02:18:35.673: [INFO][Sync] Stopped: Extensions
2026-03-12 02:18:35.673: [INFO][Sync] Stopped: Sessions
2026-03-12 02:18:35.673: [INFO][Sync] Stopped: Extension settings
2026-03-12 02:18:35.673: [INFO][Sync] Stopped: History Delete Directives
2026-03-12 02:18:35.673: [INFO][Sync] Stopped: Device Info
2026-03-12 02:18:35.673: [INFO][Sync] Stopped: User Consents
2026-03-12 02:18:35.673: [INFO][Sync] Stopped: Send Tab To Self
2026-03-12 02:18:35.673: [INFO][Sync] Stopped: Web Apps
2026-03-12 02:18:35.673: [INFO][Sync] Stopped: History
2026-03-12 02:18:35.673: [INFO][Sync] Stopped: Saved Tab Group
2026-03-12 02:18:35.673: [INFO][Sync] Stopped: WebAuthn Credentials
2026-03-12 02:18:35.673: [INFO][Sync] Stopped: Collection
2026-03-12 02:18:35.673: [INFO][Sync] Stopped: Edge E Drop
2026-03-12 02:18:35.673: [INFO][Sync] Stopped: Edge Hub App Usage
2026-03-12 02:18:35.673: [INFO][Sync] Stopped: Edge Wallet
2026-03-12 02:18:35.673: [INFO][Sync] Stopped: Edge Workspace
2026-03-12 02:19:13.919: [INFO][Sync] Reset engine, reason: 0
